<?xml version="1.0" encoding="UTF-8"?>
<!-- Generated by org.testng.reporters.JUnitXMLReporter -->
<testsuite hostname="LAPTOP-NDKUD6FS" ignored="0" name="Default test" tests="4" failures="0" timestamp="2020-05-26T16:27:44 EDT" time="33.044" errors="0">
  <testcase name="loginPageTitleTest" time="0.013" classname="com.crm.qa.testcases.LoginPageTest"/>
  <testcase name="forgotpwdlnkTest" time="0.061" classname="com.crm.qa.testcases.LoginPageTest"/>
  <testcase name="signuplnkTest" time="0.032" classname="com.crm.qa.testcases.LoginPageTest"/>
  <testcase name="loginTest" time="0.313" classname="com.crm.qa.testcases.LoginPageTest"/>
</testsuite> <!-- Default test -->
