<?xml version="1.0" encoding="UTF-8"?>
<!-- Generated by org.testng.reporters.JUnitReportReporter -->
<testsuite skipped="0" hostname="LAPTOP-NDKUD6FS" name="com.crm.qa.testcases.LoginPageTest" tests="4" failures="0" timestamp="2020-05-26T16:27:44 EDT" time="33.001" errors="0">
  <testcase name="loginPageTitleTest" time="7.745" classname="com.crm.qa.testcases.LoginPageTest"/>
  <system-out/>
  <testcase name="forgotpwdlnkTest" time="8.659" classname="com.crm.qa.testcases.LoginPageTest"/>
  <system-out/>
  <testcase name="signuplnkTest" time="8.634" classname="com.crm.qa.testcases.LoginPageTest"/>
  <system-out/>
  <testcase name="loginTest" time="7.963" classname="com.crm.qa.testcases.LoginPageTest"/>
  <system-out/>
</testsuite> <!-- com.crm.qa.testcases.LoginPageTest -->
